INFO: [VRFC 10-2263] Analyzing SystemVerilog file "C:/Users/kobes/OneDrive/Desktop/School/Fall_2024/ECE385/Vivado/Final Project/6_2_base_prototype/lab6_2_provided/design_source/Color_Mapper.sv" into library xil_defaultlib
INFO: [VRFC 10-311] analyzing module color_mapper
WARNING: [VRFC 10-3380] identifier 'opnet_324' is used before its declaration [C:/Users/kobes/OneDrive/Desktop/School/Fall_2024/ECE385/Vivado/Final Project/6_2_base_prototype/lab6_2_provided/design_source/Color_Mapper.sv:90]
WARNING: [VRFC 10-3380] identifier 'opnet_325' is used before its declaration [C:/Users/kobes/OneDrive/Desktop/School/Fall_2024/ECE385/Vivado/Final Project/6_2_base_prototype/lab6_2_provided/design_source/Color_Mapper.sv:91]
WARNING: [VRFC 10-3380] identifier 'opnet_326' is used before its declaration [C:/Users/kobes/OneDrive/Desktop/School/Fall_2024/ECE385/Vivado/Final Project/6_2_base_prototype/lab6_2_provided/design_source/Color_Mapper.sv:92]
WARNING: [VRFC 10-3380] identifier 'opnet_326' is used before its declaration [C:/Users/kobes/OneDrive/Desktop/School/Fall_2024/ECE385/Vivado/Final Project/6_2_base_prototype/lab6_2_provided/design_source/Color_Mapper.sv:93]
WARNING: [VRFC 10-3380] identifier 'opnet_327' is used before its declaration [C:/Users/kobes/OneDrive/Desktop/School/Fall_2024/ECE385/Vivado/Final Project/6_2_base_prototype/lab6_2_provided/design_source/Color_Mapper.sv:94]
WARNING: [VRFC 10-3380] identifier 'opnet_328' is used before its declaration [C:/Users/kobes/OneDrive/Desktop/School/Fall_2024/ECE385/Vivado/Final Project/6_2_base_prototype/lab6_2_provided/design_source/Color_Mapper.sv:95]
WARNING: [VRFC 10-3380] identifier 'opnet_329' is used before its declaration [C:/Users/kobes/OneDrive/Desktop/School/Fall_2024/ECE385/Vivado/Final Project/6_2_base_prototype/lab6_2_provided/design_source/Color_Mapper.sv:96]
WARNING: [VRFC 10-3380] identifier 'opnet_329' is used before its declaration [C:/Users/kobes/OneDrive/Desktop/School/Fall_2024/ECE385/Vivado/Final Project/6_2_base_prototype/lab6_2_provided/design_source/Color_Mapper.sv:97]
WARNING: [VRFC 10-3380] identifier 'opnet_332' is used before its declaration [C:/Users/kobes/OneDrive/Desktop/School/Fall_2024/ECE385/Vivado/Final Project/6_2_base_prototype/lab6_2_provided/design_source/Color_Mapper.sv:132]
WARNING: [VRFC 10-3380] identifier 'opnet_333' is used before its declaration [C:/Users/kobes/OneDrive/Desktop/School/Fall_2024/ECE385/Vivado/Final Project/6_2_base_prototype/lab6_2_provided/design_source/Color_Mapper.sv:133]
WARNING: [VRFC 10-3380] identifier 'opnet_334' is used before its declaration [C:/Users/kobes/OneDrive/Desktop/School/Fall_2024/ECE385/Vivado/Final Project/6_2_base_prototype/lab6_2_provided/design_source/Color_Mapper.sv:134]
WARNING: [VRFC 10-3380] identifier 'opnet_334' is used before its declaration [C:/Users/kobes/OneDrive/Desktop/School/Fall_2024/ECE385/Vivado/Final Project/6_2_base_prototype/lab6_2_provided/design_source/Color_Mapper.sv:135]
WARNING: [VRFC 10-3380] identifier 'opnet_335' is used before its declaration [C:/Users/kobes/OneDrive/Desktop/School/Fall_2024/ECE385/Vivado/Final Project/6_2_base_prototype/lab6_2_provided/design_source/Color_Mapper.sv:136]
WARNING: [VRFC 10-3380] identifier 'opnet_336' is used before its declaration [C:/Users/kobes/OneDrive/Desktop/School/Fall_2024/ECE385/Vivado/Final Project/6_2_base_prototype/lab6_2_provided/design_source/Color_Mapper.sv:137]
WARNING: [VRFC 10-3380] identifier 'opnet_337' is used before its declaration [C:/Users/kobes/OneDrive/Desktop/School/Fall_2024/ECE385/Vivado/Final Project/6_2_base_prototype/lab6_2_provided/design_source/Color_Mapper.sv:138]
WARNING: [VRFC 10-3380] identifier 'opnet_337' is used before its declaration [C:/Users/kobes/OneDrive/Desktop/School/Fall_2024/ECE385/Vivado/Final Project/6_2_base_prototype/lab6_2_provided/design_source/Color_Mapper.sv:139]
WARNING: [VRFC 10-3380] identifier 'opnet_338' is used before its declaration [C:/Users/kobes/OneDrive/Desktop/School/Fall_2024/ECE385/Vivado/Final Project/6_2_base_prototype/lab6_2_provided/design_source/Color_Mapper.sv:232]
WARNING: [VRFC 10-3380] identifier 'opnet_339' is used before its declaration [C:/Users/kobes/OneDrive/Desktop/School/Fall_2024/ECE385/Vivado/Final Project/6_2_base_prototype/lab6_2_provided/design_source/Color_Mapper.sv:233]
WARNING: [VRFC 10-3380] identifier 'opnet_338' is used before its declaration [C:/Users/kobes/OneDrive/Desktop/School/Fall_2024/ECE385/Vivado/Final Project/6_2_base_prototype/lab6_2_provided/design_source/Color_Mapper.sv:234]
INFO: [VRFC 10-2263] Analyzing SystemVerilog file "C:/Users/kobes/OneDrive/Desktop/School/Fall_2024/ECE385/Vivado/Final Project/6_2_base_prototype/lab6_2_provided/design_source/VGA_controller.sv" into library xil_defaultlib
INFO: [VRFC 10-311] analyzing module vga_controller
INFO: [VRFC 10-2263] Analyzing SystemVerilog file "C:/Users/kobes/OneDrive/Desktop/School/Fall_2024/ECE385/Vivado/Final Project/6_2_base_prototype/lab6_2_provided/design_source/box_box_resolver.sv" into library xil_defaultlib
INFO: [VRFC 10-311] analyzing module box_box_resolver
WARNING: [VRFC 10-3380] identifier 'opnet_5' is used before its declaration [C:/Users/kobes/OneDrive/Desktop/School/Fall_2024/ECE385/Vivado/Final Project/6_2_base_prototype/lab6_2_provided/design_source/box_box_resolver.sv:65]
WARNING: [VRFC 10-3380] identifier 'opnet_6' is used before its declaration [C:/Users/kobes/OneDrive/Desktop/School/Fall_2024/ECE385/Vivado/Final Project/6_2_base_prototype/lab6_2_provided/design_source/box_box_resolver.sv:67]
WARNING: [VRFC 10-3380] identifier 'opnet_7' is used before its declaration [C:/Users/kobes/OneDrive/Desktop/School/Fall_2024/ECE385/Vivado/Final Project/6_2_base_prototype/lab6_2_provided/design_source/box_box_resolver.sv:68]
WARNING: [VRFC 10-3380] identifier 'opnet_8' is used before its declaration [C:/Users/kobes/OneDrive/Desktop/School/Fall_2024/ECE385/Vivado/Final Project/6_2_base_prototype/lab6_2_provided/design_source/box_box_resolver.sv:69]
WARNING: [VRFC 10-3380] identifier 'opnet_9' is used before its declaration [C:/Users/kobes/OneDrive/Desktop/School/Fall_2024/ECE385/Vivado/Final Project/6_2_base_prototype/lab6_2_provided/design_source/box_box_resolver.sv:71]
WARNING: [VRFC 10-3380] identifier 'opnet_10' is used before its declaration [C:/Users/kobes/OneDrive/Desktop/School/Fall_2024/ECE385/Vivado/Final Project/6_2_base_prototype/lab6_2_provided/design_source/box_box_resolver.sv:72]
WARNING: [VRFC 10-3380] identifier 'opnet_11' is used before its declaration [C:/Users/kobes/OneDrive/Desktop/School/Fall_2024/ECE385/Vivado/Final Project/6_2_base_prototype/lab6_2_provided/design_source/box_box_resolver.sv:76]
WARNING: [VRFC 10-3380] identifier 'opnet_12' is used before its declaration [C:/Users/kobes/OneDrive/Desktop/School/Fall_2024/ECE385/Vivado/Final Project/6_2_base_prototype/lab6_2_provided/design_source/box_box_resolver.sv:77]
WARNING: [VRFC 10-3380] identifier 'opnet_13' is used before its declaration [C:/Users/kobes/OneDrive/Desktop/School/Fall_2024/ECE385/Vivado/Final Project/6_2_base_prototype/lab6_2_provided/design_source/box_box_resolver.sv:78]
WARNING: [VRFC 10-3380] identifier 'opnet_14' is used before its declaration [C:/Users/kobes/OneDrive/Desktop/School/Fall_2024/ECE385/Vivado/Final Project/6_2_base_prototype/lab6_2_provided/design_source/box_box_resolver.sv:79]
WARNING: [VRFC 10-3380] identifier 'opnet_15' is used before its declaration [C:/Users/kobes/OneDrive/Desktop/School/Fall_2024/ECE385/Vivado/Final Project/6_2_base_prototype/lab6_2_provided/design_source/box_box_resolver.sv:80]
WARNING: [VRFC 10-3380] identifier 'opnet_16' is used before its declaration [C:/Users/kobes/OneDrive/Desktop/School/Fall_2024/ECE385/Vivado/Final Project/6_2_base_prototype/lab6_2_provided/design_source/box_box_resolver.sv:81]
WARNING: [VRFC 10-3380] identifier 'opnet_17' is used before its declaration [C:/Users/kobes/OneDrive/Desktop/School/Fall_2024/ECE385/Vivado/Final Project/6_2_base_prototype/lab6_2_provided/design_source/box_box_resolver.sv:84]
WARNING: [VRFC 10-3380] identifier 'opnet_18' is used before its declaration [C:/Users/kobes/OneDrive/Desktop/School/Fall_2024/ECE385/Vivado/Final Project/6_2_base_prototype/lab6_2_provided/design_source/box_box_resolver.sv:85]
WARNING: [VRFC 10-3380] identifier 'opnet_19' is used before its declaration [C:/Users/kobes/OneDrive/Desktop/School/Fall_2024/ECE385/Vivado/Final Project/6_2_base_prototype/lab6_2_provided/design_source/box_box_resolver.sv:86]
WARNING: [VRFC 10-3380] identifier 'opnet_19' is used before its declaration [C:/Users/kobes/OneDrive/Desktop/School/Fall_2024/ECE385/Vivado/Final Project/6_2_base_prototype/lab6_2_provided/design_source/box_box_resolver.sv:87]
WARNING: [VRFC 10-3380] identifier 'opnet_20' is used before its declaration [C:/Users/kobes/OneDrive/Desktop/School/Fall_2024/ECE385/Vivado/Final Project/6_2_base_prototype/lab6_2_provided/design_source/box_box_resolver.sv:90]
WARNING: [VRFC 10-3380] identifier 'opnet_21' is used before its declaration [C:/Users/kobes/OneDrive/Desktop/School/Fall_2024/ECE385/Vivado/Final Project/6_2_base_prototype/lab6_2_provided/design_source/box_box_resolver.sv:91]
WARNING: [VRFC 10-3380] identifier 'opnet_22' is used before its declaration [C:/Users/kobes/OneDrive/Desktop/School/Fall_2024/ECE385/Vivado/Final Project/6_2_base_prototype/lab6_2_provided/design_source/box_box_resolver.sv:92]
WARNING: [VRFC 10-3380] identifier 'opnet_23' is used before its declaration [C:/Users/kobes/OneDrive/Desktop/School/Fall_2024/ECE385/Vivado/Final Project/6_2_base_prototype/lab6_2_provided/design_source/box_box_resolver.sv:93]
WARNING: [VRFC 10-3380] identifier 'opnet_24' is used before its declaration [C:/Users/kobes/OneDrive/Desktop/School/Fall_2024/ECE385/Vivado/Final Project/6_2_base_prototype/lab6_2_provided/design_source/box_box_resolver.sv:94]
WARNING: [VRFC 10-3380] identifier 'opnet_25' is used before its declaration [C:/Users/kobes/OneDrive/Desktop/School/Fall_2024/ECE385/Vivado/Final Project/6_2_base_prototype/lab6_2_provided/design_source/box_box_resolver.sv:95]
WARNING: [VRFC 10-3380] identifier 'opnet_26' is used before its declaration [C:/Users/kobes/OneDrive/Desktop/School/Fall_2024/ECE385/Vivado/Final Project/6_2_base_prototype/lab6_2_provided/design_source/box_box_resolver.sv:97]
WARNING: [VRFC 10-3380] identifier 'opnet_27' is used before its declaration [C:/Users/kobes/OneDrive/Desktop/School/Fall_2024/ECE385/Vivado/Final Project/6_2_base_prototype/lab6_2_provided/design_source/box_box_resolver.sv:98]
WARNING: [VRFC 10-3380] identifier 'opnet_28' is used before its declaration [C:/Users/kobes/OneDrive/Desktop/School/Fall_2024/ECE385/Vivado/Final Project/6_2_base_prototype/lab6_2_provided/design_source/box_box_resolver.sv:99]
WARNING: [VRFC 10-3380] identifier 'opnet_29' is used before its declaration [C:/Users/kobes/OneDrive/Desktop/School/Fall_2024/ECE385/Vivado/Final Project/6_2_base_prototype/lab6_2_provided/design_source/box_box_resolver.sv:100]
WARNING: [VRFC 10-3380] identifier 'opnet_30' is used before its declaration [C:/Users/kobes/OneDrive/Desktop/School/Fall_2024/ECE385/Vivado/Final Project/6_2_base_prototype/lab6_2_provided/design_source/box_box_resolver.sv:101]
WARNING: [VRFC 10-3380] identifier 'opnet_31' is used before its declaration [C:/Users/kobes/OneDrive/Desktop/School/Fall_2024/ECE385/Vivado/Final Project/6_2_base_prototype/lab6_2_provided/design_source/box_box_resolver.sv:102]
WARNING: [VRFC 10-3380] identifier 'opnet_32' is used before its declaration [C:/Users/kobes/OneDrive/Desktop/School/Fall_2024/ECE385/Vivado/Final Project/6_2_base_prototype/lab6_2_provided/design_source/box_box_resolver.sv:103]
WARNING: [VRFC 10-3380] identifier 'opnet_32' is used before its declaration [C:/Users/kobes/OneDrive/Desktop/School/Fall_2024/ECE385/Vivado/Final Project/6_2_base_prototype/lab6_2_provided/design_source/box_box_resolver.sv:104]
WARNING: [VRFC 10-3380] identifier 'opnet_33' is used before its declaration [C:/Users/kobes/OneDrive/Desktop/School/Fall_2024/ECE385/Vivado/Final Project/6_2_base_prototype/lab6_2_provided/design_source/box_box_resolver.sv:108]
WARNING: [VRFC 10-3380] identifier 'opnet_34' is used before its declaration [C:/Users/kobes/OneDrive/Desktop/School/Fall_2024/ECE385/Vivado/Final Project/6_2_base_prototype/lab6_2_provided/design_source/box_box_resolver.sv:109]
WARNING: [VRFC 10-3380] identifier 'opnet_35' is used before its declaration [C:/Users/kobes/OneDrive/Desktop/School/Fall_2024/ECE385/Vivado/Final Project/6_2_base_prototype/lab6_2_provided/design_source/box_box_resolver.sv:110]
WARNING: [VRFC 10-3380] identifier 'opnet_36' is used before its declaration [C:/Users/kobes/OneDrive/Desktop/School/Fall_2024/ECE385/Vivado/Final Project/6_2_base_prototype/lab6_2_provided/design_source/box_box_resolver.sv:111]
WARNING: [VRFC 10-3380] identifier 'opnet_35' is used before its declaration [C:/Users/kobes/OneDrive/Desktop/School/Fall_2024/ECE385/Vivado/Final Project/6_2_base_prototype/lab6_2_provided/design_source/box_box_resolver.sv:112]
WARNING: [VRFC 10-3380] identifier 'opnet_36' is used before its declaration [C:/Users/kobes/OneDrive/Desktop/School/Fall_2024/ECE385/Vivado/Final Project/6_2_base_prototype/lab6_2_provided/design_source/box_box_resolver.sv:113]
WARNING: [VRFC 10-3380] identifier 'opnet_37' is used before its declaration [C:/Users/kobes/OneDrive/Desktop/School/Fall_2024/ECE385/Vivado/Final Project/6_2_base_prototype/lab6_2_provided/design_source/box_box_resolver.sv:118]
WARNING: [VRFC 10-3380] identifier 'opnet_38' is used before its declaration [C:/Users/kobes/OneDrive/Desktop/School/Fall_2024/ECE385/Vivado/Final Project/6_2_base_prototype/lab6_2_provided/design_source/box_box_resolver.sv:119]
WARNING: [VRFC 10-3380] identifier 'opnet_38' is used before its declaration [C:/Users/kobes/OneDrive/Desktop/School/Fall_2024/ECE385/Vivado/Final Project/6_2_base_prototype/lab6_2_provided/design_source/box_box_resolver.sv:120]
WARNING: [VRFC 10-3380] identifier 'opnet_39' is used before its declaration [C:/Users/kobes/OneDrive/Desktop/School/Fall_2024/ECE385/Vivado/Final Project/6_2_base_prototype/lab6_2_provided/design_source/box_box_resolver.sv:121]
WARNING: [VRFC 10-3380] identifier 'opnet_40' is used before its declaration [C:/Users/kobes/OneDrive/Desktop/School/Fall_2024/ECE385/Vivado/Final Project/6_2_base_prototype/lab6_2_provided/design_source/box_box_resolver.sv:122]
WARNING: [VRFC 10-3380] identifier 'opnet_41' is used before its declaration [C:/Users/kobes/OneDrive/Desktop/School/Fall_2024/ECE385/Vivado/Final Project/6_2_base_prototype/lab6_2_provided/design_source/box_box_resolver.sv:123]
WARNING: [VRFC 10-3380] identifier 'opnet_41' is used before its declaration [C:/Users/kobes/OneDrive/Desktop/School/Fall_2024/ECE385/Vivado/Final Project/6_2_base_prototype/lab6_2_provided/design_source/box_box_resolver.sv:125]
WARNING: [VRFC 10-3380] identifier 'opnet_42' is used before its declaration [C:/Users/kobes/OneDrive/Desktop/School/Fall_2024/ECE385/Vivado/Final Project/6_2_base_prototype/lab6_2_provided/design_source/box_box_resolver.sv:131]
WARNING: [VRFC 10-3380] identifier 'opnet_43' is used before its declaration [C:/Users/kobes/OneDrive/Desktop/School/Fall_2024/ECE385/Vivado/Final Project/6_2_base_prototype/lab6_2_provided/design_source/box_box_resolver.sv:132]
WARNING: [VRFC 10-3380] identifier 'opnet_42' is used before its declaration [C:/Users/kobes/OneDrive/Desktop/School/Fall_2024/ECE385/Vivado/Final Project/6_2_base_prototype/lab6_2_provided/design_source/box_box_resolver.sv:133]
WARNING: [VRFC 10-3380] identifier 'opnet_43' is used before its declaration [C:/Users/kobes/OneDrive/Desktop/School/Fall_2024/ECE385/Vivado/Final Project/6_2_base_prototype/lab6_2_provided/design_source/box_box_resolver.sv:134]
INFO: [VRFC 10-2263] Analyzing SystemVerilog file "C:/Users/kobes/OneDrive/Desktop/School/Fall_2024/ECE385/Vivado/Final Project/6_2_base_prototype/lab6_2_provided/design_source/collision_detector.sv" into library xil_defaultlib
INFO: [VRFC 10-311] analyzing module collision_detector
WARNING: [VRFC 10-3380] identifier 'opnet_108' is used before its declaration [C:/Users/kobes/OneDrive/Desktop/School/Fall_2024/ECE385/Vivado/Final Project/6_2_base_prototype/lab6_2_provided/design_source/collision_detector.sv:676]
WARNING: [VRFC 10-3380] identifier 'opnet_109' is used before its declaration [C:/Users/kobes/OneDrive/Desktop/School/Fall_2024/ECE385/Vivado/Final Project/6_2_base_prototype/lab6_2_provided/design_source/collision_detector.sv:678]
WARNING: [VRFC 10-3380] identifier 'opnet_108' is used before its declaration [C:/Users/kobes/OneDrive/Desktop/School/Fall_2024/ECE385/Vivado/Final Project/6_2_base_prototype/lab6_2_provided/design_source/collision_detector.sv:680]
WARNING: [VRFC 10-3380] identifier 'opnet_109' is used before its declaration [C:/Users/kobes/OneDrive/Desktop/School/Fall_2024/ECE385/Vivado/Final Project/6_2_base_prototype/lab6_2_provided/design_source/collision_detector.sv:681]
WARNING: [VRFC 10-3380] identifier 'opnet_110' is used before its declaration [C:/Users/kobes/OneDrive/Desktop/School/Fall_2024/ECE385/Vivado/Final Project/6_2_base_prototype/lab6_2_provided/design_source/collision_detector.sv:693]
WARNING: [VRFC 10-3380] identifier 'opnet_111' is used before its declaration [C:/Users/kobes/OneDrive/Desktop/School/Fall_2024/ECE385/Vivado/Final Project/6_2_base_prototype/lab6_2_provided/design_source/collision_detector.sv:695]
WARNING: [VRFC 10-3380] identifier 'opnet_110' is used before its declaration [C:/Users/kobes/OneDrive/Desktop/School/Fall_2024/ECE385/Vivado/Final Project/6_2_base_prototype/lab6_2_provided/design_source/collision_detector.sv:697]
WARNING: [VRFC 10-3380] identifier 'opnet_111' is used before its declaration [C:/Users/kobes/OneDrive/Desktop/School/Fall_2024/ECE385/Vivado/Final Project/6_2_base_prototype/lab6_2_provided/design_source/collision_detector.sv:698]
WARNING: [VRFC 10-3380] identifier 'opnet_112' is used before its declaration [C:/Users/kobes/OneDrive/Desktop/School/Fall_2024/ECE385/Vivado/Final Project/6_2_base_prototype/lab6_2_provided/design_source/collision_detector.sv:710]
WARNING: [VRFC 10-3380] identifier 'opnet_113' is used before its declaration [C:/Users/kobes/OneDrive/Desktop/School/Fall_2024/ECE385/Vivado/Final Project/6_2_base_prototype/lab6_2_provided/design_source/collision_detector.sv:712]
WARNING: [VRFC 10-3380] identifier 'opnet_112' is used before its declaration [C:/Users/kobes/OneDrive/Desktop/School/Fall_2024/ECE385/Vivado/Final Project/6_2_base_prototype/lab6_2_provided/design_source/collision_detector.sv:714]
WARNING: [VRFC 10-3380] identifier 'opnet_113' is used before its declaration [C:/Users/kobes/OneDrive/Desktop/School/Fall_2024/ECE385/Vivado/Final Project/6_2_base_prototype/lab6_2_provided/design_source/collision_detector.sv:715]
WARNING: [VRFC 10-3380] identifier 'opnet_114' is used before its declaration [C:/Users/kobes/OneDrive/Desktop/School/Fall_2024/ECE385/Vivado/Final Project/6_2_base_prototype/lab6_2_provided/design_source/collision_detector.sv:727]
WARNING: [VRFC 10-3380] identifier 'opnet_115' is used before its declaration [C:/Users/kobes/OneDrive/Desktop/School/Fall_2024/ECE385/Vivado/Final Project/6_2_base_prototype/lab6_2_provided/design_source/collision_detector.sv:729]
WARNING: [VRFC 10-3380] identifier 'opnet_114' is used before its declaration [C:/Users/kobes/OneDrive/Desktop/School/Fall_2024/ECE385/Vivado/Final Project/6_2_base_prototype/lab6_2_provided/design_source/collision_detector.sv:731]
WARNING: [VRFC 10-3380] identifier 'opnet_115' is used before its declaration [C:/Users/kobes/OneDrive/Desktop/School/Fall_2024/ECE385/Vivado/Final Project/6_2_base_prototype/lab6_2_provided/design_source/collision_detector.sv:732]
INFO: [VRFC 10-2263] Analyzing SystemVerilog file "C:/Users/kobes/OneDrive/Desktop/School/Fall_2024/ECE385/Vivado/Final Project/6_2_base_prototype/lab6_2_provided/design_source/cosine.sv" into library xil_defaultlib
INFO: [VRFC 10-311] analyzing module cos
INFO: [VRFC 10-2263] Analyzing SystemVerilog file "C:/Users/kobes/OneDrive/Desktop/School/Fall_2024/ECE385/Vivado/Final Project/6_2_base_prototype/lab6_2_provided/design_source/hex_driver.sv" into library xil_defaultlib
INFO: [VRFC 10-311] analyzing module hex_driver
INFO: [VRFC 10-311] analyzing module nibble_to_hex
INFO: [VRFC 10-2263] Analyzing SystemVerilog file "C:/Users/kobes/OneDrive/Desktop/School/Fall_2024/ECE385/Vivado/Final Project/6_2_base_prototype/lab6_2_provided/design_source/inverter.sv" into library xil_defaultlib
INFO: [VRFC 10-311] analyzing module inverter
INFO: [VRFC 10-2263] Analyzing SystemVerilog file "C:/Users/kobes/OneDrive/Desktop/School/Fall_2024/ECE385/Vivado/Final Project/6_2_base_prototype/lab6_2_provided/design_source/mb_usb_hdmi_top.sv" into library xil_defaultlib
INFO: [VRFC 10-311] analyzing module mb_usb_hdmi_top
INFO: [VRFC 10-2263] Analyzing SystemVerilog file "C:/Users/kobes/OneDrive/Desktop/School/Fall_2024/ECE385/Vivado/Final Project/6_2_base_prototype/lab6_2_provided/design_source/obb_reg.sv" into library xil_defaultlib
INFO: [VRFC 10-311] analyzing module obb_reg
INFO: [VRFC 10-2263] Analyzing SystemVerilog file "C:/Users/kobes/OneDrive/Desktop/School/Fall_2024/ECE385/Vivado/Final Project/6_2_base_prototype/lab6_2_provided/design_source/obb_updater.sv" into library xil_defaultlib
INFO: [VRFC 10-311] analyzing module obb_updater
WARNING: [VRFC 10-3380] identifier 'opnet_344' is used before its declaration [C:/Users/kobes/OneDrive/Desktop/School/Fall_2024/ECE385/Vivado/Final Project/6_2_base_prototype/lab6_2_provided/design_source/obb_updater.sv:41]
WARNING: [VRFC 10-3380] identifier 'opnet_345' is used before its declaration [C:/Users/kobes/OneDrive/Desktop/School/Fall_2024/ECE385/Vivado/Final Project/6_2_base_prototype/lab6_2_provided/design_source/obb_updater.sv:42]
WARNING: [VRFC 10-3380] identifier 'opnet_346' is used before its declaration [C:/Users/kobes/OneDrive/Desktop/School/Fall_2024/ECE385/Vivado/Final Project/6_2_base_prototype/lab6_2_provided/design_source/obb_updater.sv:43]
WARNING: [VRFC 10-3380] identifier 'opnet_347' is used before its declaration [C:/Users/kobes/OneDrive/Desktop/School/Fall_2024/ECE385/Vivado/Final Project/6_2_base_prototype/lab6_2_provided/design_source/obb_updater.sv:44]
WARNING: [VRFC 10-3380] identifier 'opnet_346' is used before its declaration [C:/Users/kobes/OneDrive/Desktop/School/Fall_2024/ECE385/Vivado/Final Project/6_2_base_prototype/lab6_2_provided/design_source/obb_updater.sv:45]
WARNING: [VRFC 10-3380] identifier 'opnet_347' is used before its declaration [C:/Users/kobes/OneDrive/Desktop/School/Fall_2024/ECE385/Vivado/Final Project/6_2_base_prototype/lab6_2_provided/design_source/obb_updater.sv:46]
WARNING: [VRFC 10-3380] identifier 'opnet_348' is used before its declaration [C:/Users/kobes/OneDrive/Desktop/School/Fall_2024/ECE385/Vivado/Final Project/6_2_base_prototype/lab6_2_provided/design_source/obb_updater.sv:47]
WARNING: [VRFC 10-3380] identifier 'opnet_348' is used before its declaration [C:/Users/kobes/OneDrive/Desktop/School/Fall_2024/ECE385/Vivado/Final Project/6_2_base_prototype/lab6_2_provided/design_source/obb_updater.sv:48]
WARNING: [VRFC 10-3380] identifier 'opnet_349' is used before its declaration [C:/Users/kobes/OneDrive/Desktop/School/Fall_2024/ECE385/Vivado/Final Project/6_2_base_prototype/lab6_2_provided/design_source/obb_updater.sv:64]
WARNING: [VRFC 10-3380] identifier 'opnet_349' is used before its declaration [C:/Users/kobes/OneDrive/Desktop/School/Fall_2024/ECE385/Vivado/Final Project/6_2_base_prototype/lab6_2_provided/design_source/obb_updater.sv:66]
WARNING: [VRFC 10-3380] identifier 'opnet_350' is used before its declaration [C:/Users/kobes/OneDrive/Desktop/School/Fall_2024/ECE385/Vivado/Final Project/6_2_base_prototype/lab6_2_provided/design_source/obb_updater.sv:71]
WARNING: [VRFC 10-3380] identifier 'opnet_350' is used before its declaration [C:/Users/kobes/OneDrive/Desktop/School/Fall_2024/ECE385/Vivado/Final Project/6_2_base_prototype/lab6_2_provided/design_source/obb_updater.sv:73]
WARNING: [VRFC 10-3380] identifier 'opnet_351' is used before its declaration [C:/Users/kobes/OneDrive/Desktop/School/Fall_2024/ECE385/Vivado/Final Project/6_2_base_prototype/lab6_2_provided/design_source/obb_updater.sv:88]
WARNING: [VRFC 10-3380] identifier 'opnet_352' is used before its declaration [C:/Users/kobes/OneDrive/Desktop/School/Fall_2024/ECE385/Vivado/Final Project/6_2_base_prototype/lab6_2_provided/design_source/obb_updater.sv:89]
WARNING: [VRFC 10-3380] identifier 'opnet_351' is used before its declaration [C:/Users/kobes/OneDrive/Desktop/School/Fall_2024/ECE385/Vivado/Final Project/6_2_base_prototype/lab6_2_provided/design_source/obb_updater.sv:90]
WARNING: [VRFC 10-3380] identifier 'opnet_352' is used before its declaration [C:/Users/kobes/OneDrive/Desktop/School/Fall_2024/ECE385/Vivado/Final Project/6_2_base_prototype/lab6_2_provided/design_source/obb_updater.sv:91]
WARNING: [VRFC 10-3380] identifier 'opnet_353' is used before its declaration [C:/Users/kobes/OneDrive/Desktop/School/Fall_2024/ECE385/Vivado/Final Project/6_2_base_prototype/lab6_2_provided/design_source/obb_updater.sv:93]
WARNING: [VRFC 10-3380] identifier 'opnet_353' is used before its declaration [C:/Users/kobes/OneDrive/Desktop/School/Fall_2024/ECE385/Vivado/Final Project/6_2_base_prototype/lab6_2_provided/design_source/obb_updater.sv:94]
WARNING: [VRFC 10-3380] identifier 'opnet_354' is used before its declaration [C:/Users/kobes/OneDrive/Desktop/School/Fall_2024/ECE385/Vivado/Final Project/6_2_base_prototype/lab6_2_provided/design_source/obb_updater.sv:105]
WARNING: [VRFC 10-3380] identifier 'opnet_354' is used before its declaration [C:/Users/kobes/OneDrive/Desktop/School/Fall_2024/ECE385/Vivado/Final Project/6_2_base_prototype/lab6_2_provided/design_source/obb_updater.sv:106]
WARNING: [VRFC 10-3380] identifier 'opnet_355' is used before its declaration [C:/Users/kobes/OneDrive/Desktop/School/Fall_2024/ECE385/Vivado/Final Project/6_2_base_prototype/lab6_2_provided/design_source/obb_updater.sv:108]
WARNING: [VRFC 10-3380] identifier 'opnet_355' is used before its declaration [C:/Users/kobes/OneDrive/Desktop/School/Fall_2024/ECE385/Vivado/Final Project/6_2_base_prototype/lab6_2_provided/design_source/obb_updater.sv:109]
INFO: [VRFC 10-2263] Analyzing SystemVerilog file "C:/Users/kobes/OneDrive/Desktop/School/Fall_2024/ECE385/Vivado/Final Project/6_2_base_prototype/lab6_2_provided/design_source/sine.sv" into library xil_defaultlib
INFO: [VRFC 10-311] analyzing module sin
INFO: [VRFC 10-2263] Analyzing SystemVerilog file "C:/Users/kobes/OneDrive/Desktop/School/Fall_2024/ECE385/Vivado/Final Project/6_2_base_prototype/lab6_2_provided/design_source/the_juicer.sv" into library xil_defaultlib
INFO: [VRFC 10-311] analyzing module juicer
INFO: [VRFC 10-2263] Analyzing SystemVerilog file "C:/Users/kobes/OneDrive/Desktop/School/Fall_2024/ECE385/Vivado/Final Project/6_2_base_prototype/lab6_2_provided/design_source/main_test.sv" into library xil_defaultlib
INFO: [VRFC 10-311] analyzing module main_test
